{"C:\\Users\\Igor\\Desktop\\Projects\\backend\\test\\app\\controllers\\topicController.js": {"path":"C:\\Users\\Igor\\Desktop\\Projects\\backend\\test\\app\\controllers\\topicController.js","statementMap":{"0":{"start":{"line":1,"column":16},"end":{"line":1,"column":34}},"1":{"start":{"line":2,"column":14},"end":{"line":2,"column":40}},"2":{"start":{"line":3,"column":23},"end":{"line":3,"column":55}},"3":{"start":{"line":4,"column":13},"end":{"line":4,"column":28}},"4":{"start":{"line":6,"column":17},"end":{"line":19,"column":1}},"5":{"start":{"line":7,"column":3},"end":{"line":9,"column":4}},"6":{"start":{"line":8,"column":6},"end":{"line":8,"column":72}},"7":{"start":{"line":10,"column":3},"end":{"line":18,"column":4}},"8":{"start":{"line":11,"column":19},"end":{"line":11,"column":34}},"9":{"start":{"line":12,"column":30},"end":{"line":12,"column":77}},"10":{"start":{"line":13,"column":29},"end":{"line":13,"column":68}},"11":{"start":{"line":15,"column":6},"end":{"line":15,"column":57}},"12":{"start":{"line":17,"column":6},"end":{"line":17,"column":90}},"13":{"start":{"line":21,"column":18},"end":{"line":38,"column":1}},"14":{"start":{"line":22,"column":3},"end":{"line":37,"column":4}},"15":{"start":{"line":23,"column":21},"end":{"line":23,"column":39}},"16":{"start":{"line":25,"column":6},"end":{"line":30,"column":9}},"17":{"start":{"line":32,"column":6},"end":{"line":36,"column":14}},"18":{"start":{"line":40,"column":22},"end":{"line":65,"column":1}},"19":{"start":{"line":41,"column":3},"end":{"line":64,"column":4}},"20":{"start":{"line":42,"column":20},"end":{"line":42,"column":63}},"21":{"start":{"line":44,"column":6},"end":{"line":50,"column":7}},"22":{"start":{"line":45,"column":9},"end":{"line":49,"column":12}},"23":{"start":{"line":52,"column":6},"end":{"line":57,"column":9}},"24":{"start":{"line":59,"column":6},"end":{"line":63,"column":9}},"25":{"start":{"line":67,"column":21},"end":{"line":99,"column":1}},"26":{"start":{"line":68,"column":3},"end":{"line":98,"column":4}},"27":{"start":{"line":69,"column":20},"end":{"line":69,"column":63}},"28":{"start":{"line":71,"column":6},"end":{"line":77,"column":7}},"29":{"start":{"line":72,"column":9},"end":{"line":76,"column":12}},"30":{"start":{"line":81,"column":6},"end":{"line":81,"column":34}},"31":{"start":{"line":82,"column":6},"end":{"line":82,"column":38}},"32":{"start":{"line":83,"column":6},"end":{"line":83,"column":36}},"33":{"start":{"line":84,"column":6},"end":{"line":84,"column":24}},"34":{"start":{"line":86,"column":6},"end":{"line":91,"column":9}},"35":{"start":{"line":93,"column":6},"end":{"line":97,"column":9}},"36":{"start":{"line":101,"column":19},"end":{"line":140,"column":1}},"37":{"start":{"line":102,"column":3},"end":{"line":139,"column":4}},"38":{"start":{"line":103,"column":6},"end":{"line":103,"column":27}},"39":{"start":{"line":105,"column":20},"end":{"line":109,"column":8}},"40":{"start":{"line":112,"column":30},"end":{"line":112,"column":50}},"41":{"start":{"line":114,"column":6},"end":{"line":121,"column":7}},"42":{"start":{"line":116,"column":9},"end":{"line":120,"column":12}},"43":{"start":{"line":124,"column":25},"end":{"line":124,"column":43}},"44":{"start":{"line":126,"column":6},"end":{"line":131,"column":9}},"45":{"start":{"line":134,"column":6},"end":{"line":138,"column":9}},"46":{"start":{"line":142,"column":0},"end":{"line":142,"column":81}}},"fnMap":{"0":{"name":"(anonymous_0)","decl":{"start":{"line":6,"column":17},"end":{"line":6,"column":18}},"loc":{"start":{"line":6,"column":37},"end":{"line":19,"column":1}},"line":6},"1":{"name":"(anonymous_1)","decl":{"start":{"line":21,"column":18},"end":{"line":21,"column":19}},"loc":{"start":{"line":21,"column":38},"end":{"line":38,"column":1}},"line":21},"2":{"name":"(anonymous_2)","decl":{"start":{"line":40,"column":22},"end":{"line":40,"column":23}},"loc":{"start":{"line":40,"column":42},"end":{"line":65,"column":1}},"line":40},"3":{"name":"(anonymous_3)","decl":{"start":{"line":67,"column":21},"end":{"line":67,"column":22}},"loc":{"start":{"line":67,"column":41},"end":{"line":99,"column":1}},"line":67},"4":{"name":"(anonymous_4)","decl":{"start":{"line":101,"column":19},"end":{"line":101,"column":20}},"loc":{"start":{"line":101,"column":39},"end":{"line":140,"column":1}},"line":101}},"branchMap":{"0":{"loc":{"start":{"line":7,"column":3},"end":{"line":9,"column":4}},"type":"if","locations":[{"start":{"line":7,"column":3},"end":{"line":9,"column":4}},{"start":{},"end":{}}],"line":7},"1":{"loc":{"start":{"line":7,"column":7},"end":{"line":7,"column":56}},"type":"binary-expr","locations":[{"start":{"line":7,"column":7},"end":{"line":7,"column":17}},{"start":{"line":7,"column":21},"end":{"line":7,"column":56}}],"line":7},"2":{"loc":{"start":{"line":44,"column":6},"end":{"line":50,"column":7}},"type":"if","locations":[{"start":{"line":44,"column":6},"end":{"line":50,"column":7}},{"start":{},"end":{}}],"line":44},"3":{"loc":{"start":{"line":71,"column":6},"end":{"line":77,"column":7}},"type":"if","locations":[{"start":{"line":71,"column":6},"end":{"line":77,"column":7}},{"start":{},"end":{}}],"line":71},"4":{"loc":{"start":{"line":108,"column":17},"end":{"line":108,"column":65}},"type":"cond-expr","locations":[{"start":{"line":108,"column":42},"end":{"line":108,"column":47}},{"start":{"line":108,"column":50},"end":{"line":108,"column":65}}],"line":108},"5":{"loc":{"start":{"line":114,"column":6},"end":{"line":121,"column":7}},"type":"if","locations":[{"start":{"line":114,"column":6},"end":{"line":121,"column":7}},{"start":{},"end":{}}],"line":114}},"s":{"0":1,"1":1,"2":1,"3":1,"4":1,"5":0,"6":0,"7":0,"8":0,"9":0,"10":0,"11":0,"12":0,"13":1,"14":0,"15":0,"16":0,"17":0,"18":1,"19":0,"20":0,"21":0,"22":0,"23":0,"24":0,"25":1,"26":0,"27":0,"28":0,"29":0,"30":0,"31":0,"32":0,"33":0,"34":0,"35":0,"36":1,"37":1,"38":1,"39":1,"40":1,"41":1,"42":0,"43":1,"44":1,"45":0,"46":1},"f":{"0":0,"1":0,"2":0,"3":0,"4":1},"b":{"0":[0,0],"1":[0,0],"2":[0,0],"3":[0,0],"4":[0,1],"5":[0,1]},"_coverageSchema":"1a1c01bbd47fc00a2c39e90264f33305004495a9","hash":"1c720565dc0ddcffc968c044f3fdcab1e826e7f2"}
,"C:\\Users\\Igor\\Desktop\\Projects\\backend\\test\\app\\helpers\\fileUpload.js": {"path":"C:\\Users\\Igor\\Desktop\\Projects\\backend\\test\\app\\helpers\\fileUpload.js","statementMap":{"0":{"start":{"line":1,"column":13},"end":{"line":1,"column":28}},"1":{"start":{"line":2,"column":23},"end":{"line":2,"column":38}},"2":{"start":{"line":4,"column":19},"end":{"line":17,"column":1}},"3":{"start":{"line":5,"column":4},"end":{"line":16,"column":7}},"4":{"start":{"line":6,"column":31},"end":{"line":6,"column":65}},"5":{"start":{"line":7,"column":25},"end":{"line":7,"column":67}},"6":{"start":{"line":9,"column":8},"end":{"line":15,"column":11}},"7":{"start":{"line":10,"column":12},"end":{"line":14,"column":13}},"8":{"start":{"line":11,"column":16},"end":{"line":11,"column":28}},"9":{"start":{"line":13,"column":16},"end":{"line":13,"column":40}},"10":{"start":{"line":19,"column":0},"end":{"line":19,"column":44}}},"fnMap":{"0":{"name":"(anonymous_0)","decl":{"start":{"line":4,"column":19},"end":{"line":4,"column":20}},"loc":{"start":{"line":4,"column":46},"end":{"line":17,"column":1}},"line":4},"1":{"name":"(anonymous_1)","decl":{"start":{"line":5,"column":23},"end":{"line":5,"column":24}},"loc":{"start":{"line":5,"column":44},"end":{"line":16,"column":5}},"line":5},"2":{"name":"(anonymous_2)","decl":{"start":{"line":9,"column":26},"end":{"line":9,"column":27}},"loc":{"start":{"line":9,"column":35},"end":{"line":15,"column":9}},"line":9}},"branchMap":{"0":{"loc":{"start":{"line":10,"column":12},"end":{"line":14,"column":13}},"type":"if","locations":[{"start":{"line":10,"column":12},"end":{"line":14,"column":13}},{"start":{"line":12,"column":19},"end":{"line":14,"column":13}}],"line":10}},"s":{"0":1,"1":1,"2":1,"3":0,"4":0,"5":0,"6":0,"7":0,"8":0,"9":0,"10":1},"f":{"0":0,"1":0,"2":0},"b":{"0":[0,0]},"_coverageSchema":"1a1c01bbd47fc00a2c39e90264f33305004495a9","hash":"781400b207167eed50459c4de41f13bc203843b5"}
,"C:\\Users\\Igor\\Desktop\\Projects\\backend\\test\\app\\helpers\\mongodb.js": {"path":"C:\\Users\\Igor\\Desktop\\Projects\\backend\\test\\app\\helpers\\mongodb.js","statementMap":{"0":{"start":{"line":1,"column":17},"end":{"line":1,"column":36}},"1":{"start":{"line":2,"column":15},"end":{"line":2,"column":42}},"2":{"start":{"line":3,"column":12},"end":{"line":3,"column":33}},"3":{"start":{"line":4,"column":13},"end":{"line":14,"column":1}},"4":{"start":{"line":6,"column":4},"end":{"line":13,"column":11}},"5":{"start":{"line":8,"column":12},"end":{"line":8,"column":55}},"6":{"start":{"line":11,"column":12},"end":{"line":11,"column":76}},"7":{"start":{"line":12,"column":12},"end":{"line":12,"column":28}},"8":{"start":{"line":16,"column":0},"end":{"line":16,"column":34}},"9":{"start":{"line":18,"column":0},"end":{"line":18,"column":22}}},"fnMap":{"0":{"name":"(anonymous_0)","decl":{"start":{"line":4,"column":13},"end":{"line":4,"column":14}},"loc":{"start":{"line":4,"column":19},"end":{"line":14,"column":1}},"line":4},"1":{"name":"(anonymous_1)","decl":{"start":{"line":7,"column":14},"end":{"line":7,"column":15}},"loc":{"start":{"line":7,"column":20},"end":{"line":9,"column":9}},"line":7},"2":{"name":"(anonymous_2)","decl":{"start":{"line":10,"column":15},"end":{"line":10,"column":16}},"loc":{"start":{"line":10,"column":26},"end":{"line":13,"column":9}},"line":10}},"branchMap":{},"s":{"0":1,"1":1,"2":1,"3":1,"4":1,"5":1,"6":0,"7":0,"8":1,"9":1},"f":{"0":1,"1":1,"2":0},"b":{},"_coverageSchema":"1a1c01bbd47fc00a2c39e90264f33305004495a9","hash":"cff60751930c03d30ce033a4ee1a33da5f4b8e38"}
,"C:\\Users\\Igor\\Desktop\\Projects\\backend\\test\\app\\models\\topic.js": {"path":"C:\\Users\\Igor\\Desktop\\Projects\\backend\\test\\app\\models\\topic.js","statementMap":{"0":{"start":{"line":1,"column":26},"end":{"line":1,"column":45}},"1":{"start":{"line":3,"column":20},"end":{"line":27,"column":1}},"2":{"start":{"line":21,"column":38},"end":{"line":21,"column":64}},"3":{"start":{"line":29,"column":0},"end":{"line":29,"column":46}}},"fnMap":{"0":{"name":"(anonymous_0)","decl":{"start":{"line":21,"column":27},"end":{"line":21,"column":28}},"loc":{"start":{"line":21,"column":38},"end":{"line":21,"column":64}},"line":21}},"branchMap":{},"s":{"0":1,"1":1,"2":2,"3":1},"f":{"0":2},"b":{},"_coverageSchema":"1a1c01bbd47fc00a2c39e90264f33305004495a9","hash":"e859f544027963580c9836e09961d1f9f0223c3d"}
,"C:\\Users\\Igor\\Desktop\\Projects\\backend\\test\\config\\app.js": {"path":"C:\\Users\\Igor\\Desktop\\Projects\\backend\\test\\config\\app.js","statementMap":{"0":{"start":{"line":1,"column":0},"end":{"line":1,"column":27}},"1":{"start":{"line":3,"column":0},"end":{"line":30,"column":2}}},"fnMap":{},"branchMap":{"0":{"loc":{"start":{"line":5,"column":14},"end":{"line":5,"column":42}},"type":"binary-expr","locations":[{"start":{"line":5,"column":14},"end":{"line":5,"column":34}},{"start":{"line":5,"column":38},"end":{"line":5,"column":42}}],"line":5},"1":{"loc":{"start":{"line":6,"column":13},"end":{"line":6,"column":49}},"type":"binary-expr","locations":[{"start":{"line":6,"column":13},"end":{"line":6,"column":32}},{"start":{"line":6,"column":36},"end":{"line":6,"column":49}}],"line":6},"2":{"loc":{"start":{"line":7,"column":18},"end":{"line":7,"column":50}},"type":"binary-expr","locations":[{"start":{"line":7,"column":18},"end":{"line":7,"column":38}},{"start":{"line":7,"column":42},"end":{"line":7,"column":50}}],"line":7},"3":{"loc":{"start":{"line":8,"column":19},"end":{"line":8,"column":55}},"type":"binary-expr","locations":[{"start":{"line":8,"column":19},"end":{"line":8,"column":40}},{"start":{"line":8,"column":44},"end":{"line":8,"column":55}}],"line":8},"4":{"loc":{"start":{"line":12,"column":17},"end":{"line":12,"column":72}},"type":"binary-expr","locations":[{"start":{"line":12,"column":17},"end":{"line":12,"column":40}},{"start":{"line":12,"column":44},"end":{"line":12,"column":72}}],"line":12},"5":{"loc":{"start":{"line":18,"column":23},"end":{"line":18,"column":57}},"type":"binary-expr","locations":[{"start":{"line":18,"column":23},"end":{"line":18,"column":49}},{"start":{"line":18,"column":53},"end":{"line":18,"column":57}}],"line":18},"6":{"loc":{"start":{"line":19,"column":20},"end":{"line":19,"column":48}},"type":"binary-expr","locations":[{"start":{"line":19,"column":20},"end":{"line":19,"column":42}},{"start":{"line":19,"column":46},"end":{"line":19,"column":48}}],"line":19},"7":{"loc":{"start":{"line":20,"column":30},"end":{"line":20,"column":96}},"type":"binary-expr","locations":[{"start":{"line":20,"column":30},"end":{"line":20,"column":62}},{"start":{"line":20,"column":66},"end":{"line":20,"column":96}}],"line":20},"8":{"loc":{"start":{"line":21,"column":33},"end":{"line":21,"column":77}},"type":"binary-expr","locations":[{"start":{"line":21,"column":33},"end":{"line":21,"column":69}},{"start":{"line":21,"column":73},"end":{"line":21,"column":77}}],"line":21}},"s":{"0":1,"1":1},"f":{},"b":{"0":[1,0],"1":[1,0],"2":[1,0],"3":[1,0],"4":[1,0],"5":[1,0],"6":[1,0],"7":[1,0],"8":[1,0]},"_coverageSchema":"1a1c01bbd47fc00a2c39e90264f33305004495a9","hash":"2fd4372139b85a1c699b8c20c4990770c0bc7b16"}
}
