TN:
SF:app\controllers\topicController.js
FN:6,(anonymous_0)
FN:21,(anonymous_1)
FN:40,(anonymous_2)
FN:67,(anonymous_3)
FN:101,(anonymous_4)
FNF:5
FNH:1
FNDA:0,(anonymous_0)
FNDA:0,(anonymous_1)
FNDA:0,(anonymous_2)
FNDA:0,(anonymous_3)
FNDA:1,(anonymous_4)
DA:1,1
DA:2,1
DA:3,1
DA:4,1
DA:6,1
DA:7,0
DA:8,0
DA:10,0
DA:11,0
DA:12,0
DA:13,0
DA:15,0
DA:17,0
DA:21,1
DA:22,0
DA:23,0
DA:25,0
DA:32,0
DA:40,1
DA:41,0
DA:42,0
DA:44,0
DA:45,0
DA:52,0
DA:59,0
DA:67,1
DA:68,0
DA:69,0
DA:71,0
DA:72,0
DA:81,0
DA:82,0
DA:83,0
DA:84,0
DA:86,0
DA:93,0
DA:101,1
DA:102,1
DA:103,1
DA:105,1
DA:112,1
DA:114,1
DA:116,0
DA:124,1
DA:126,1
DA:134,0
DA:142,1
LF:47
LH:17
BRDA:7,0,0,0
BRDA:7,0,1,0
BRDA:7,1,0,0
BRDA:7,1,1,0
BRDA:44,2,0,0
BRDA:44,2,1,0
BRDA:71,3,0,0
BRDA:71,3,1,0
BRDA:108,4,0,0
BRDA:108,4,1,1
BRDA:114,5,0,0
BRDA:114,5,1,1
BRF:12
BRH:2
end_of_record
TN:
SF:app\helpers\fileUpload.js
FN:4,(anonymous_0)
FN:5,(anonymous_1)
FN:9,(anonymous_2)
FNF:3
FNH:0
FNDA:0,(anonymous_0)
FNDA:0,(anonymous_1)
FNDA:0,(anonymous_2)
DA:1,1
DA:2,1
DA:4,1
DA:5,0
DA:6,0
DA:7,0
DA:9,0
DA:10,0
DA:11,0
DA:13,0
DA:19,1
LF:11
LH:4
BRDA:10,0,0,0
BRDA:10,0,1,0
BRF:2
BRH:0
end_of_record
TN:
SF:app\helpers\mongodb.js
FN:4,(anonymous_0)
FN:7,(anonymous_1)
FN:10,(anonymous_2)
FNF:3
FNH:2
FNDA:1,(anonymous_0)
FNDA:1,(anonymous_1)
FNDA:0,(anonymous_2)
DA:1,1
DA:2,1
DA:3,1
DA:4,1
DA:6,1
DA:8,1
DA:11,0
DA:12,0
DA:16,1
DA:18,1
LF:10
LH:8
BRF:0
BRH:0
end_of_record
TN:
SF:app\models\topic.js
FN:21,(anonymous_0)
FNF:1
FNH:1
FNDA:2,(anonymous_0)
DA:1,1
DA:3,1
DA:21,2
DA:29,1
LF:4
LH:4
BRF:0
BRH:0
end_of_record
TN:
SF:config\app.js
FNF:0
FNH:0
DA:1,1
DA:3,1
LF:2
LH:2
BRDA:5,0,0,1
BRDA:5,0,1,0
BRDA:6,1,0,1
BRDA:6,1,1,0
BRDA:7,2,0,1
BRDA:7,2,1,0
BRDA:8,3,0,1
BRDA:8,3,1,0
BRDA:12,4,0,1
BRDA:12,4,1,0
BRDA:18,5,0,1
BRDA:18,5,1,0
BRDA:19,6,0,1
BRDA:19,6,1,0
BRDA:20,7,0,1
BRDA:20,7,1,0
BRDA:21,8,0,1
BRDA:21,8,1,0
BRF:18
BRH:9
end_of_record
